<?xml version="1.0" encoding="UTF-8"?>
<coverage generated="1664901637186" clover="3.2.0">
  <project timestamp="1664901637186" name="All files">
    <metrics statements="309" coveredstatements="280" conditionals="41" coveredconditionals="30" methods="65" coveredmethods="54" elements="415" coveredelements="364" complexity="0" loc="309" ncloc="309" packages="9" files="18" classes="18"/>
    <package name="src">
      <metrics statements="13" coveredstatements="13" conditionals="0" coveredconditionals="0" methods="0" coveredmethods="0"/>
      <file name="app.ts" path="/home/gabrielfarias/Documents/PantherCards/PantherCards - back/src/app.ts">
        <metrics statements="13" coveredstatements="13" conditionals="0" coveredconditionals="0" methods="0" coveredmethods="0"/>
        <line num="1" count="2" type="stmt"/>
        <line num="2" count="2" type="stmt"/>
        <line num="3" count="2" type="stmt"/>
        <line num="4" count="2" type="stmt"/>
        <line num="6" count="2" type="stmt"/>
        <line num="7" count="2" type="stmt"/>
        <line num="9" count="2" type="stmt"/>
        <line num="10" count="2" type="stmt"/>
        <line num="11" count="2" type="stmt"/>
        <line num="12" count="2" type="stmt"/>
        <line num="14" count="2" type="stmt"/>
        <line num="15" count="2" type="stmt"/>
        <line num="17" count="2" type="stmt"/>
      </file>
    </package>
    <package name="src.config">
      <metrics statements="3" coveredstatements="3" conditionals="0" coveredconditionals="0" methods="0" coveredmethods="0"/>
      <file name="database.ts" path="/home/gabrielfarias/Documents/PantherCards/PantherCards - back/src/config/database.ts">
        <metrics statements="3" coveredstatements="3" conditionals="0" coveredconditionals="0" methods="0" coveredmethods="0"/>
        <line num="1" count="3" type="stmt"/>
        <line num="3" count="3" type="stmt"/>
        <line num="5" count="3" type="stmt"/>
      </file>
    </package>
    <package name="src.controllers">
      <metrics statements="75" coveredstatements="63" conditionals="1" coveredconditionals="1" methods="10" coveredmethods="8"/>
      <file name="deckController.ts" path="/home/gabrielfarias/Documents/PantherCards/PantherCards - back/src/controllers/deckController.ts">
        <metrics statements="57" coveredstatements="45" conditionals="1" coveredconditionals="1" methods="7" coveredmethods="5"/>
        <line num="9" count="2" type="stmt"/>
        <line num="10" count="2" type="stmt"/>
        <line num="13" count="2" type="stmt"/>
        <line num="14" count="6" type="stmt"/>
        <line num="15" count="6" type="stmt"/>
        <line num="17" count="6" type="stmt"/>
        <line num="18" count="5" type="stmt"/>
        <line num="20" count="5" type="stmt"/>
        <line num="23" count="2" type="stmt"/>
        <line num="24" count="1" type="stmt"/>
        <line num="25" count="1" type="stmt"/>
        <line num="26" count="1" type="stmt"/>
        <line num="28" count="1" type="stmt"/>
        <line num="29" count="1" type="stmt"/>
        <line num="30" count="1" type="stmt"/>
        <line num="31" count="1" type="stmt"/>
        <line num="33" count="1" type="stmt"/>
        <line num="36" count="2" type="stmt"/>
        <line num="37" count="2" type="stmt"/>
        <line num="38" count="2" type="stmt"/>
        <line num="40" count="2" type="stmt"/>
        <line num="41" count="1" type="stmt"/>
        <line num="42" count="1" type="stmt"/>
        <line num="44" count="1" type="stmt"/>
        <line num="47" count="2" type="stmt"/>
        <line num="48" count="2" type="stmt"/>
        <line num="49" count="2" type="stmt"/>
        <line num="51" count="2" type="stmt"/>
        <line num="52" count="1" type="stmt"/>
        <line num="55" count="1" type="stmt"/>
        <line num="57" count="1" type="cond" truecount="1" falsecount="0"/>
        <line num="58" count="1" type="stmt"/>
        <line num="61" count="1" type="stmt"/>
        <line num="62" count="1" type="stmt"/>
        <line num="65" count="2" type="stmt"/>
        <line num="66" count="1" type="stmt"/>
        <line num="67" count="1" type="stmt"/>
        <line num="68" count="1" type="stmt"/>
        <line num="70" count="1" type="stmt"/>
        <line num="71" count="1" type="stmt"/>
        <line num="72" count="1" type="stmt"/>
        <line num="73" count="1" type="stmt"/>
        <line num="79" count="1" type="stmt"/>
        <line num="82" count="2" type="stmt"/>
        <line num="83" count="0" type="stmt"/>
        <line num="84" count="0" type="stmt"/>
        <line num="86" count="0" type="stmt"/>
        <line num="87" count="0" type="stmt"/>
        <line num="88" count="0" type="stmt"/>
        <line num="90" count="0" type="stmt"/>
        <line num="93" count="2" type="stmt"/>
        <line num="94" count="0" type="stmt"/>
        <line num="95" count="0" type="stmt"/>
        <line num="97" count="0" type="stmt"/>
        <line num="98" count="0" type="stmt"/>
        <line num="99" count="0" type="stmt"/>
        <line num="101" count="0" type="stmt"/>
      </file>
      <file name="userController.ts" path="/home/gabrielfarias/Documents/PantherCards/PantherCards - back/src/controllers/userController.ts">
        <metrics statements="18" coveredstatements="18" conditionals="0" coveredconditionals="0" methods="3" coveredmethods="3"/>
        <line num="4" count="2" type="stmt"/>
        <line num="6" count="2" type="stmt"/>
        <line num="7" count="15" type="stmt"/>
        <line num="12" count="15" type="stmt"/>
        <line num="14" count="15" type="stmt"/>
        <line num="15" count="14" type="stmt"/>
        <line num="16" count="13" type="stmt"/>
        <line num="17" count="12" type="stmt"/>
        <line num="19" count="12" type="stmt"/>
        <line num="26" count="2" type="stmt"/>
        <line num="27" count="2" type="stmt"/>
        <line num="29" count="2" type="stmt"/>
        <line num="30" count="1" type="stmt"/>
        <line num="32" count="1" type="stmt"/>
        <line num="35" count="2" type="stmt"/>
        <line num="36" count="1" type="stmt"/>
        <line num="38" count="1" type="stmt"/>
        <line num="41" count="1" type="stmt"/>
      </file>
    </package>
    <package name="src.middlewares">
      <metrics statements="24" coveredstatements="21" conditionals="13" coveredconditionals="8" methods="4" coveredmethods="4"/>
      <file name="errorHandlingMiddleware.ts" path="/home/gabrielfarias/Documents/PantherCards/PantherCards - back/src/middlewares/errorHandlingMiddleware.ts">
        <metrics statements="6" coveredstatements="6" conditionals="3" coveredconditionals="3" methods="1" coveredmethods="1"/>
        <line num="3" count="2" type="stmt"/>
        <line num="9" count="8" type="cond" truecount="1" falsecount="0"/>
        <line num="11" count="6" type="cond" truecount="1" falsecount="0"/>
        <line num="12" count="3" type="stmt"/>
        <line num="14" count="3" type="cond" truecount="1" falsecount="0"/>
        <line num="16" count="1" type="stmt"/>
      </file>
      <file name="schemaValidationMiddleware.ts" path="/home/gabrielfarias/Documents/PantherCards/PantherCards - back/src/middlewares/schemaValidationMiddleware.ts">
        <metrics statements="6" coveredstatements="5" conditionals="1" coveredconditionals="0" methods="2" coveredmethods="2"/>
        <line num="3" count="2" type="stmt"/>
        <line num="4" count="10" type="stmt"/>
        <line num="5" count="25" type="stmt"/>
        <line num="7" count="25" type="cond" truecount="0" falsecount="1"/>
        <line num="8" count="0" type="stmt"/>
        <line num="10" count="25" type="stmt"/>
      </file>
      <file name="tokenValidationMiddleware.ts" path="/home/gabrielfarias/Documents/PantherCards/PantherCards - back/src/middlewares/tokenValidationMiddleware.ts">
        <metrics statements="12" coveredstatements="10" conditionals="9" coveredconditionals="5" methods="1" coveredmethods="1"/>
        <line num="2" count="2" type="stmt"/>
        <line num="4" count="2" type="stmt"/>
        <line num="5" count="12" type="stmt"/>
        <line num="6" count="12" type="cond" truecount="1" falsecount="1"/>
        <line num="7" count="12" type="cond" truecount="3" falsecount="1"/>
        <line num="8" count="12" type="cond" truecount="1" falsecount="1"/>
        <line num="10" count="12" type="cond" truecount="0" falsecount="1"/>
        <line num="11" count="0" type="stmt"/>
        <line num="14" count="12" type="stmt"/>
        <line num="16" count="12" type="stmt"/>
        <line num="17" count="12" type="stmt"/>
        <line num="19" count="0" type="stmt"/>
      </file>
    </package>
    <package name="src.repositories">
      <metrics statements="46" coveredstatements="41" conditionals="4" coveredconditionals="3" methods="18" coveredmethods="14"/>
      <file name="deckRepository.ts" path="/home/gabrielfarias/Documents/PantherCards/PantherCards - back/src/repositories/deckRepository.ts">
        <metrics statements="31" coveredstatements="26" conditionals="0" coveredconditionals="0" methods="12" coveredmethods="8"/>
        <line num="2" count="2" type="stmt"/>
        <line num="5" count="2" type="stmt"/>
        <line num="6" count="5" type="stmt"/>
        <line num="14" count="5" type="stmt"/>
        <line num="17" count="2" type="stmt"/>
        <line num="21" count="0" type="stmt"/>
        <line num="29" count="0" type="stmt"/>
        <line num="32" count="2" type="stmt"/>
        <line num="36" count="1" type="stmt"/>
        <line num="37" count="3" type="stmt"/>
        <line num="40" count="1" type="stmt"/>
        <line num="43" count="2" type="stmt"/>
        <line num="44" count="9" type="stmt"/>
        <line num="49" count="9" type="stmt"/>
        <line num="52" count="2" type="stmt"/>
        <line num="53" count="1" type="stmt"/>
        <line num="56" count="2" type="stmt"/>
        <line num="59" count="2" type="stmt"/>
        <line num="63" count="2" type="stmt"/>
        <line num="66" count="2" type="stmt"/>
        <line num="70" count="6" type="stmt"/>
        <line num="74" count="6" type="stmt"/>
        <line num="77" count="2" type="stmt"/>
        <line num="82" count="1" type="stmt"/>
        <line num="91" count="1" type="stmt"/>
        <line num="94" count="2" type="stmt"/>
        <line num="95" count="0" type="stmt"/>
        <line num="112" count="2" type="stmt"/>
        <line num="113" count="0" type="stmt"/>
        <line num="116" count="2" type="stmt"/>
        <line num="117" count="0" type="stmt"/>
      </file>
      <file name="userRepository.ts" path="/home/gabrielfarias/Documents/PantherCards/PantherCards - back/src/repositories/userRepository.ts">
        <metrics statements="15" coveredstatements="15" conditionals="4" coveredconditionals="3" methods="6" coveredmethods="6"/>
        <line num="1" count="3" type="stmt"/>
        <line num="5" count="3" type="stmt"/>
        <line num="6" count="17" type="stmt"/>
        <line num="13" count="3" type="stmt"/>
        <line num="14" count="13" type="stmt"/>
        <line num="21" count="3" type="stmt"/>
        <line num="22" count="12" type="stmt"/>
        <line num="26" count="12" type="stmt"/>
        <line num="29" count="3" type="stmt"/>
        <line num="30" count="3" type="stmt"/>
        <line num="33" count="3" type="stmt"/>
        <line num="36" count="1" type="stmt"/>
        <line num="40" count="1" type="cond" truecount="3" falsecount="1"/>
        <line num="43" count="3" type="stmt"/>
        <line num="44" count="1" type="stmt"/>
      </file>
    </package>
    <package name="src.routers">
      <metrics statements="31" coveredstatements="31" conditionals="0" coveredconditionals="0" methods="0" coveredmethods="0"/>
      <file name="deckRouter.ts" path="/home/gabrielfarias/Documents/PantherCards/PantherCards - back/src/routers/deckRouter.ts">
        <metrics statements="15" coveredstatements="15" conditionals="0" coveredconditionals="0" methods="0" coveredmethods="0"/>
        <line num="1" count="2" type="stmt"/>
        <line num="2" count="2" type="stmt"/>
        <line num="3" count="2" type="stmt"/>
        <line num="12" count="2" type="stmt"/>
        <line num="18" count="2" type="stmt"/>
        <line num="19" count="2" type="stmt"/>
        <line num="21" count="2" type="stmt"/>
        <line num="23" count="2" type="stmt"/>
        <line num="24" count="2" type="stmt"/>
        <line num="29" count="2" type="stmt"/>
        <line num="30" count="2" type="stmt"/>
        <line num="31" count="2" type="stmt"/>
        <line num="36" count="2" type="stmt"/>
        <line num="38" count="2" type="stmt"/>
        <line num="40" count="2" type="stmt"/>
      </file>
      <file name="indexRouter.ts" path="/home/gabrielfarias/Documents/PantherCards/PantherCards - back/src/routers/indexRouter.ts">
        <metrics statements="7" coveredstatements="7" conditionals="0" coveredconditionals="0" methods="0" coveredmethods="0"/>
        <line num="1" count="2" type="stmt"/>
        <line num="2" count="2" type="stmt"/>
        <line num="4" count="2" type="stmt"/>
        <line num="5" count="2" type="stmt"/>
        <line num="7" count="2" type="stmt"/>
        <line num="8" count="2" type="stmt"/>
        <line num="10" count="2" type="stmt"/>
      </file>
      <file name="userRouter.ts" path="/home/gabrielfarias/Documents/PantherCards/PantherCards - back/src/routers/userRouter.ts">
        <metrics statements="9" coveredstatements="9" conditionals="0" coveredconditionals="0" methods="0" coveredmethods="0"/>
        <line num="1" count="2" type="stmt"/>
        <line num="2" count="2" type="stmt"/>
        <line num="3" count="2" type="stmt"/>
        <line num="5" count="2" type="stmt"/>
        <line num="6" count="2" type="stmt"/>
        <line num="8" count="2" type="stmt"/>
        <line num="9" count="2" type="stmt"/>
        <line num="11" count="2" type="stmt"/>
        <line num="13" count="2" type="stmt"/>
      </file>
    </package>
    <package name="src.schemas">
      <metrics statements="7" coveredstatements="7" conditionals="0" coveredconditionals="0" methods="0" coveredmethods="0"/>
      <file name="deckSchemas.ts" path="/home/gabrielfarias/Documents/PantherCards/PantherCards - back/src/schemas/deckSchemas.ts">
        <metrics statements="4" coveredstatements="4" conditionals="0" coveredconditionals="0" methods="0" coveredmethods="0"/>
        <line num="1" count="2" type="stmt"/>
        <line num="4" count="2" type="stmt"/>
        <line num="12" count="2" type="stmt"/>
        <line num="26" count="2" type="stmt"/>
      </file>
      <file name="userSchemas.ts" path="/home/gabrielfarias/Documents/PantherCards/PantherCards - back/src/schemas/userSchemas.ts">
        <metrics statements="3" coveredstatements="3" conditionals="0" coveredconditionals="0" methods="0" coveredmethods="0"/>
        <line num="1" count="2" type="stmt"/>
        <line num="4" count="2" type="stmt"/>
        <line num="29" count="2" type="stmt"/>
      </file>
    </package>
    <package name="src.services">
      <metrics statements="94" coveredstatements="85" conditionals="23" coveredconditionals="18" methods="28" coveredmethods="23"/>
      <file name="deckServices.ts" path="/home/gabrielfarias/Documents/PantherCards/PantherCards - back/src/services/deckServices.ts">
        <metrics statements="44" coveredstatements="38" conditionals="14" coveredconditionals="10" methods="15" coveredmethods="12"/>
        <line num="2" count="2" type="stmt"/>
        <line num="11" count="2" type="stmt"/>
        <line num="12" count="5" type="stmt"/>
        <line num="15" count="2" type="stmt"/>
        <line num="17" count="6" type="stmt"/>
        <line num="19" count="6" type="cond" truecount="1" falsecount="0"/>
        <line num="20" count="1" type="stmt"/>
        <line num="26" count="5" type="stmt"/>
        <line num="29" count="2" type="stmt"/>
        <line num="33" count="1" type="stmt"/>
        <line num="35" count="1" type="cond" truecount="3" falsecount="2"/>
        <line num="36" count="0" type="stmt"/>
        <line num="42" count="1" type="stmt"/>
        <line num="45" count="2" type="stmt"/>
        <line num="46" count="4" type="stmt"/>
        <line num="48" count="4" type="cond" truecount="1" falsecount="0"/>
        <line num="49" count="1" type="stmt"/>
        <line num="55" count="3" type="stmt"/>
        <line num="58" count="2" type="stmt"/>
        <line num="59" count="2" type="stmt"/>
        <line num="61" count="2" type="cond" truecount="5" falsecount="2"/>
        <line num="62" count="0" type="stmt"/>
        <line num="68" count="2" type="stmt"/>
        <line num="71" count="2" type="stmt"/>
        <line num="75" count="1" type="stmt"/>
        <line num="78" count="2" type="stmt"/>
        <line num="79" count="2" type="stmt"/>
        <line num="80" count="2" type="stmt"/>
        <line num="82" count="2" type="stmt"/>
        <line num="87" count="2" type="stmt"/>
        <line num="90" count="2" type="stmt"/>
        <line num="91" count="1" type="stmt"/>
        <line num="94" count="2" type="stmt"/>
        <line num="95" count="1" type="stmt"/>
        <line num="98" count="2" type="stmt"/>
        <line num="103" count="1" type="stmt"/>
        <line num="106" count="2" type="stmt"/>
        <line num="107" count="0" type="stmt"/>
        <line num="110" count="2" type="stmt"/>
        <line num="111" count="0" type="stmt"/>
        <line num="112" count="0" type="stmt"/>
        <line num="114" count="0" type="stmt"/>
        <line num="118" count="9" type="stmt"/>
        <line num="122" count="2" type="stmt"/>
      </file>
      <file name="userServices.ts" path="/home/gabrielfarias/Documents/PantherCards/PantherCards - back/src/services/userServices.ts">
        <metrics statements="50" coveredstatements="47" conditionals="9" coveredconditionals="8" methods="13" coveredmethods="11"/>
        <line num="1" count="3" type="stmt"/>
        <line num="4" count="3" type="stmt"/>
        <line num="5" count="3" type="stmt"/>
        <line num="7" count="3" type="stmt"/>
        <line num="11" count="16" type="cond" truecount="1" falsecount="0"/>
        <line num="12" count="1" type="stmt"/>
        <line num="18" count="15" type="stmt"/>
        <line num="21" count="3" type="stmt"/>
        <line num="22" count="14" type="stmt"/>
        <line num="24" count="14" type="cond" truecount="1" falsecount="0"/>
        <line num="25" count="1" type="stmt"/>
        <line num="31" count="13" type="stmt"/>
        <line num="34" count="3" type="stmt"/>
        <line num="35" count="13" type="stmt"/>
        <line num="37" count="13" type="cond" truecount="1" falsecount="0"/>
        <line num="38" count="1" type="stmt"/>
        <line num="44" count="12" type="stmt"/>
        <line num="47" count="3" type="stmt"/>
        <line num="48" count="13" type="stmt"/>
        <line num="53" count="13" type="stmt"/>
        <line num="56" count="3" type="stmt"/>
        <line num="57" count="2" type="stmt"/>
        <line num="59" count="2" type="cond" truecount="1" falsecount="0"/>
        <line num="63" count="1" type="stmt"/>
        <line num="66" count="1" type="stmt"/>
        <line num="69" count="3" type="stmt"/>
        <line num="70" count="1" type="stmt"/>
        <line num="72" count="1" type="stmt"/>
        <line num="73" count="1" type="cond" truecount="1" falsecount="1"/>
        <line num="75" count="1" type="stmt"/>
        <line num="78" count="3" type="stmt"/>
        <line num="79" count="3" type="stmt"/>
        <line num="81" count="3" type="cond" truecount="1" falsecount="0"/>
        <line num="82" count="1" type="stmt"/>
        <line num="88" count="2" type="stmt"/>
        <line num="91" count="3" type="stmt"/>
        <line num="94" count="1" type="stmt"/>
        <line num="97" count="3" type="stmt"/>
        <line num="98" count="1" type="stmt"/>
        <line num="100" count="1" type="stmt"/>
        <line num="101" count="0" type="stmt"/>
        <line num="103" count="0" type="stmt"/>
        <line num="106" count="1" type="stmt"/>
        <line num="108" count="0" type="stmt"/>
        <line num="112" count="1" type="stmt"/>
        <line num="116" count="13" type="stmt"/>
        <line num="117" count="13" type="stmt"/>
        <line num="119" count="13" type="stmt"/>
        <line num="122" count="3" type="stmt"/>
        <line num="123" count="17" type="stmt"/>
      </file>
    </package>
    <package name="tests.factories">
      <metrics statements="16" coveredstatements="16" conditionals="0" coveredconditionals="0" methods="5" coveredmethods="5"/>
      <file name="deckFactory.ts" path="/home/gabrielfarias/Documents/PantherCards/PantherCards - back/tests/factories/deckFactory.ts">
        <metrics statements="7" coveredstatements="7" conditionals="0" coveredconditionals="0" methods="3" coveredmethods="3"/>
        <line num="1" count="1" type="stmt"/>
        <line num="3" count="1" type="stmt"/>
        <line num="4" count="7" type="stmt"/>
        <line num="10" count="1" type="stmt"/>
        <line num="11" count="1" type="stmt"/>
        <line num="29" count="1" type="stmt"/>
        <line num="30" count="1" type="stmt"/>
      </file>
      <file name="userFactory.ts" path="/home/gabrielfarias/Documents/PantherCards/PantherCards - back/tests/factories/userFactory.ts">
        <metrics statements="9" coveredstatements="9" conditionals="0" coveredconditionals="0" methods="2" coveredmethods="2"/>
        <line num="1" count="1" type="stmt"/>
        <line num="2" count="1" type="stmt"/>
        <line num="4" count="1" type="stmt"/>
        <line num="5" count="8" type="stmt"/>
        <line num="6" count="8" type="stmt"/>
        <line num="14" count="1" type="stmt"/>
        <line num="15" count="8" type="stmt"/>
        <line num="16" count="8" type="stmt"/>
        <line num="18" count="8" type="stmt"/>
      </file>
    </package>
  </project>
</coverage>
