{"/home/gabrielfarias/Documents/PantherCards/PantherCards - back/src/app.ts": {"path":"/home/gabrielfarias/Documents/PantherCards/PantherCards - back/src/app.ts","statementMap":{"0":{"start":{"line":1,"column":0},"end":{"line":1,"column":40}},"1":{"start":{"line":2,"column":0},"end":{"line":2,"column":30}},"2":{"start":{"line":3,"column":0},"end":{"line":3,"column":28}},"3":{"start":{"line":4,"column":0},"end":{"line":4,"column":24}},"4":{"start":{"line":6,"column":0},"end":{"line":6,"column":65}},"5":{"start":{"line":7,"column":0},"end":{"line":7,"column":43}},"6":{"start":{"line":9,"column":12},"end":{"line":9,"column":21}},"7":{"start":{"line":10,"column":0},"end":{"line":10,"column":16}},"8":{"start":{"line":11,"column":0},"end":{"line":11,"column":16}},"9":{"start":{"line":12,"column":0},"end":{"line":12,"column":16}},"10":{"start":{"line":14,"column":0},"end":{"line":14,"column":16}},"11":{"start":{"line":15,"column":0},"end":{"line":15,"column":22}},"12":{"start":{"line":17,"column":0},"end":{"line":17,"column":19}}},"fnMap":{},"branchMap":{},"s":{"0":1,"1":1,"2":1,"3":1,"4":1,"5":1,"6":1,"7":1,"8":1,"9":1,"10":1,"11":1,"12":1},"f":{},"b":{}}
,"/home/gabrielfarias/Documents/PantherCards/PantherCards - back/src/config/database.ts": {"path":"/home/gabrielfarias/Documents/PantherCards/PantherCards - back/src/config/database.ts","statementMap":{"0":{"start":{"line":1,"column":0},"end":{"line":1,"column":33}},"1":{"start":{"line":3,"column":25},"end":{"line":3,"column":28}},"2":{"start":{"line":5,"column":13},"end":{"line":5,"column":41}}},"fnMap":{},"branchMap":{},"s":{"0":2,"1":2,"2":2},"f":{},"b":{}}
,"/home/gabrielfarias/Documents/PantherCards/PantherCards - back/src/controllers/deckController.ts": {"path":"/home/gabrielfarias/Documents/PantherCards/PantherCards - back/src/controllers/deckController.ts","statementMap":{"0":{"start":{"line":9,"column":0},"end":{"line":9,"column":57}},"1":{"start":{"line":10,"column":0},"end":{"line":10,"column":57}},"2":{"start":{"line":14,"column":27},"end":{"line":14,"column":65}},"3":{"start":{"line":15,"column":24},"end":{"line":15,"column":32}},"4":{"start":{"line":17,"column":4},"end":{"line":17,"column":64}},"5":{"start":{"line":18,"column":24},"end":{"line":18,"column":67}},"6":{"start":{"line":20,"column":4},"end":{"line":20,"column":38}},"7":{"start":{"line":13,"column":0},"end":{"line":13,"column":22}},"8":{"start":{"line":24,"column":27},"end":{"line":24,"column":65}},"9":{"start":{"line":25,"column":27},"end":{"line":25,"column":52}},"10":{"start":{"line":26,"column":39},"end":{"line":26,"column":57}},"11":{"start":{"line":28,"column":4},"end":{"line":28,"column":50}},"12":{"start":{"line":29,"column":4},"end":{"line":29,"column":65}},"13":{"start":{"line":30,"column":4},"end":{"line":30,"column":58}},"14":{"start":{"line":31,"column":17},"end":{"line":31,"column":64}},"15":{"start":{"line":33,"column":4},"end":{"line":33,"column":31}},"16":{"start":{"line":23,"column":0},"end":{"line":23,"column":22}},"17":{"start":{"line":37,"column":27},"end":{"line":37,"column":65}},"18":{"start":{"line":38,"column":27},"end":{"line":38,"column":52}},"19":{"start":{"line":40,"column":4},"end":{"line":40,"column":50}},"20":{"start":{"line":41,"column":4},"end":{"line":41,"column":59}},"21":{"start":{"line":42,"column":17},"end":{"line":42,"column":64}},"22":{"start":{"line":44,"column":4},"end":{"line":44,"column":31}},"23":{"start":{"line":36,"column":0},"end":{"line":36,"column":22}},"24":{"start":{"line":48,"column":32},"end":{"line":48,"column":57}},"25":{"start":{"line":49,"column":34},"end":{"line":49,"column":72}},"26":{"start":{"line":51,"column":4},"end":{"line":51,"column":55}},"27":{"start":{"line":52,"column":41},"end":{"line":53,"column":null}},"28":{"start":{"line":55,"column":27},"end":{"line":55,"column":75}},"29":{"start":{"line":57,"column":4},"end":{"line":59,"column":null}},"30":{"start":{"line":58,"column":8},"end":{"line":58,"column":50}},"31":{"start":{"line":61,"column":33},"end":{"line":61,"column":71}},"32":{"start":{"line":62,"column":4},"end":{"line":62,"column":59}},"33":{"start":{"line":47,"column":0},"end":{"line":47,"column":22}},"34":{"start":{"line":66,"column":27},"end":{"line":66,"column":65}},"35":{"start":{"line":67,"column":27},"end":{"line":67,"column":52}},"36":{"start":{"line":68,"column":36},"end":{"line":68,"column":44}},"37":{"start":{"line":70,"column":4},"end":{"line":70,"column":50}},"38":{"start":{"line":71,"column":4},"end":{"line":71,"column":50}},"39":{"start":{"line":72,"column":4},"end":{"line":72,"column":59}},"40":{"start":{"line":73,"column":43},"end":{"line":76,"column":null}},"41":{"start":{"line":79,"column":4},"end":{"line":79,"column":44}},"42":{"start":{"line":65,"column":0},"end":{"line":65,"column":22}},"43":{"start":{"line":83,"column":27},"end":{"line":83,"column":65}},"44":{"start":{"line":84,"column":27},"end":{"line":84,"column":52}},"45":{"start":{"line":86,"column":4},"end":{"line":86,"column":50}},"46":{"start":{"line":87,"column":4},"end":{"line":87,"column":59}},"47":{"start":{"line":88,"column":20},"end":{"line":88,"column":61}},"48":{"start":{"line":90,"column":4},"end":{"line":90,"column":34}},"49":{"start":{"line":82,"column":0},"end":{"line":82,"column":22}},"50":{"start":{"line":94,"column":27},"end":{"line":94,"column":65}},"51":{"start":{"line":95,"column":27},"end":{"line":95,"column":52}},"52":{"start":{"line":97,"column":4},"end":{"line":97,"column":50}},"53":{"start":{"line":98,"column":4},"end":{"line":98,"column":65}},"54":{"start":{"line":99,"column":4},"end":{"line":99,"column":46}},"55":{"start":{"line":101,"column":4},"end":{"line":101,"column":24}},"56":{"start":{"line":93,"column":0},"end":{"line":93,"column":22}}},"fnMap":{"0":{"name":"insertDeck","decl":{"start":{"line":13,"column":22},"end":{"line":13,"column":32}},"loc":{"start":{"line":13,"column":60},"end":{"line":21,"column":null}}},"1":{"name":"insertQuestions","decl":{"start":{"line":23,"column":22},"end":{"line":23,"column":37}},"loc":{"start":{"line":23,"column":65},"end":{"line":34,"column":null}}},"2":{"name":"getDeckById","decl":{"start":{"line":36,"column":22},"end":{"line":36,"column":33}},"loc":{"start":{"line":36,"column":61},"end":{"line":45,"column":null}}},"3":{"name":"getDecksByUserId","decl":{"start":{"line":47,"column":22},"end":{"line":47,"column":38}},"loc":{"start":{"line":47,"column":66},"end":{"line":63,"column":null}}},"4":{"name":"insertDeckResult","decl":{"start":{"line":65,"column":22},"end":{"line":65,"column":38}},"loc":{"start":{"line":65,"column":66},"end":{"line":80,"column":null}}},"5":{"name":"getDeckResults","decl":{"start":{"line":82,"column":22},"end":{"line":82,"column":36}},"loc":{"start":{"line":82,"column":64},"end":{"line":91,"column":null}}},"6":{"name":"deleteDeckById","decl":{"start":{"line":93,"column":22},"end":{"line":93,"column":36}},"loc":{"start":{"line":93,"column":64},"end":{"line":102,"column":null}}}},"branchMap":{"0":{"loc":{"start":{"line":57,"column":4},"end":{"line":59,"column":null}},"type":"if","locations":[{"start":{"line":57,"column":4},"end":{"line":59,"column":null}}]}},"s":{"0":1,"1":1,"2":0,"3":0,"4":0,"5":0,"6":0,"7":1,"8":0,"9":0,"10":0,"11":0,"12":0,"13":0,"14":0,"15":0,"16":1,"17":0,"18":0,"19":0,"20":0,"21":0,"22":0,"23":1,"24":0,"25":0,"26":0,"27":0,"28":0,"29":0,"30":0,"31":0,"32":0,"33":1,"34":0,"35":0,"36":0,"37":0,"38":0,"39":0,"40":0,"41":0,"42":1,"43":0,"44":0,"45":0,"46":0,"47":0,"48":0,"49":1,"50":0,"51":0,"52":0,"53":0,"54":0,"55":0,"56":1},"f":{"0":0,"1":0,"2":0,"3":0,"4":0,"5":0,"6":0},"b":{"0":[0]}}
,"/home/gabrielfarias/Documents/PantherCards/PantherCards - back/src/controllers/userController.ts": {"path":"/home/gabrielfarias/Documents/PantherCards/PantherCards - back/src/controllers/userController.ts","statementMap":{"0":{"start":{"line":4,"column":0},"end":{"line":4,"column":57}},"1":{"start":{"line":7,"column":24},"end":{"line":11,"column":6}},"2":{"start":{"line":12,"column":36},"end":{"line":12,"column":60}},"3":{"start":{"line":14,"column":4},"end":{"line":14,"column":73}},"4":{"start":{"line":15,"column":4},"end":{"line":15,"column":52}},"5":{"start":{"line":16,"column":4},"end":{"line":16,"column":58}},"6":{"start":{"line":17,"column":24},"end":{"line":17,"column":59}},"7":{"start":{"line":19,"column":4},"end":{"line":23,"column":7}},"8":{"start":{"line":6,"column":0},"end":{"line":6,"column":22}},"9":{"start":{"line":27,"column":24},"end":{"line":27,"column":32}},"10":{"start":{"line":29,"column":19},"end":{"line":29,"column":60}},"11":{"start":{"line":30,"column":26},"end":{"line":30,"column":70}},"12":{"start":{"line":32,"column":4},"end":{"line":32,"column":40}},"13":{"start":{"line":26,"column":0},"end":{"line":26,"column":22}},"14":{"start":{"line":36,"column":29},"end":{"line":36,"column":62}},"15":{"start":{"line":38,"column":40},"end":{"line":39,"column":null}},"16":{"start":{"line":41,"column":4},"end":{"line":41,"column":39}},"17":{"start":{"line":35,"column":0},"end":{"line":35,"column":22}}},"fnMap":{"0":{"name":"signUp","decl":{"start":{"line":6,"column":22},"end":{"line":6,"column":28}},"loc":{"start":{"line":6,"column":56},"end":{"line":24,"column":null}}},"1":{"name":"signIn","decl":{"start":{"line":26,"column":22},"end":{"line":26,"column":28}},"loc":{"start":{"line":26,"column":56},"end":{"line":33,"column":null}}},"2":{"name":"getUsers","decl":{"start":{"line":35,"column":22},"end":{"line":35,"column":30}},"loc":{"start":{"line":35,"column":58},"end":{"line":42,"column":null}}}},"branchMap":{},"s":{"0":1,"1":7,"2":7,"3":7,"4":6,"5":5,"6":4,"7":4,"8":1,"9":2,"10":2,"11":1,"12":1,"13":1,"14":1,"15":1,"16":1,"17":1},"f":{"0":7,"1":2,"2":1},"b":{}}
,"/home/gabrielfarias/Documents/PantherCards/PantherCards - back/src/middlewares/errorHandlingMiddleware.ts": {"path":"/home/gabrielfarias/Documents/PantherCards/PantherCards - back/src/middlewares/errorHandlingMiddleware.ts","statementMap":{"0":{"start":{"line":9,"column":4},"end":{"line":9,"column":78}},"1":{"start":{"line":9,"column":35},"end":{"line":9,"column":78}},"2":{"start":{"line":11,"column":4},"end":{"line":12,"column":51}},"3":{"start":{"line":12,"column":8},"end":{"line":12,"column":51}},"4":{"start":{"line":14,"column":4},"end":{"line":14,"column":79}},"5":{"start":{"line":14,"column":36},"end":{"line":14,"column":79}},"6":{"start":{"line":16,"column":4},"end":{"line":16,"column":31}},"7":{"start":{"line":3,"column":0},"end":{"line":3,"column":24}}},"fnMap":{"0":{"name":"errorHandlingMiddleware","decl":{"start":{"line":3,"column":24},"end":{"line":3,"column":47}},"loc":{"start":{"line":7,"column":22},"end":{"line":17,"column":1}}}},"branchMap":{"0":{"loc":{"start":{"line":9,"column":4},"end":{"line":9,"column":78}},"type":"if","locations":[{"start":{"line":9,"column":4},"end":{"line":9,"column":78}}]},"1":{"loc":{"start":{"line":11,"column":4},"end":{"line":12,"column":51}},"type":"if","locations":[{"start":{"line":11,"column":4},"end":{"line":12,"column":51}}]},"2":{"loc":{"start":{"line":14,"column":4},"end":{"line":14,"column":79}},"type":"if","locations":[{"start":{"line":14,"column":4},"end":{"line":14,"column":79}}]}},"s":{"0":4,"1":2,"2":2,"3":2,"4":0,"5":0,"6":0,"7":1},"f":{"0":4},"b":{"0":[2],"1":[2],"2":[0]}}
,"/home/gabrielfarias/Documents/PantherCards/PantherCards - back/src/middlewares/schemaValidationMiddleware.ts": {"path":"/home/gabrielfarias/Documents/PantherCards/PantherCards - back/src/middlewares/schemaValidationMiddleware.ts","statementMap":{"0":{"start":{"line":3,"column":32},"end":{"line":12,"column":1}},"1":{"start":{"line":4,"column":4},"end":{"line":11,"column":null}},"2":{"start":{"line":5,"column":25},"end":{"line":5,"column":50}},"3":{"start":{"line":7,"column":6},"end":{"line":9,"column":null}},"4":{"start":{"line":8,"column":8},"end":{"line":8,"column":73}},"5":{"start":{"line":10,"column":6},"end":{"line":10,"column":13}},"6":{"start":{"line":3,"column":13},"end":{"line":3,"column":32}}},"fnMap":{"0":{"name":"(anonymous_0)","decl":{"start":{"line":3,"column":32},"end":{"line":3,"column":33}},"loc":{"start":{"line":3,"column":48},"end":{"line":12,"column":1}}},"1":{"name":"(anonymous_1)","decl":{"start":{"line":4,"column":11},"end":{"line":4,"column":12}},"loc":{"start":{"line":4,"column":63},"end":{"line":11,"column":5}}}},"branchMap":{"0":{"loc":{"start":{"line":7,"column":6},"end":{"line":9,"column":null}},"type":"if","locations":[{"start":{"line":7,"column":6},"end":{"line":9,"column":null}}]}},"s":{"0":1,"1":5,"2":9,"3":9,"4":0,"5":9,"6":1},"f":{"0":5,"1":9},"b":{"0":[0]}}
,"/home/gabrielfarias/Documents/PantherCards/PantherCards - back/src/middlewares/tokenValidationMiddleware.ts": {"path":"/home/gabrielfarias/Documents/PantherCards/PantherCards - back/src/middlewares/tokenValidationMiddleware.ts","statementMap":{"0":{"start":{"line":2,"column":0},"end":{"line":2,"column":31}},"1":{"start":{"line":5,"column":4},"end":{"line":20,"column":null}},"2":{"start":{"line":6,"column":38},"end":{"line":6,"column":69}},"3":{"start":{"line":7,"column":30},"end":{"line":7,"column":74}},"4":{"start":{"line":8,"column":34},"end":{"line":8,"column":62}},"5":{"start":{"line":10,"column":8},"end":{"line":12,"column":null}},"6":{"start":{"line":11,"column":12},"end":{"line":11,"column":105}},"7":{"start":{"line":14,"column":27},"end":{"line":14,"column":55}},"8":{"start":{"line":16,"column":8},"end":{"line":16,"column":49}},"9":{"start":{"line":17,"column":8},"end":{"line":17,"column":15}},"10":{"start":{"line":19,"column":8},"end":{"line":19,"column":63}},"11":{"start":{"line":4,"column":0},"end":{"line":4,"column":24}}},"fnMap":{"0":{"name":"tokenMiddleware","decl":{"start":{"line":4,"column":24},"end":{"line":4,"column":39}},"loc":{"start":{"line":4,"column":87},"end":{"line":21,"column":1}}}},"branchMap":{"0":{"loc":{"start":{"line":6,"column":38},"end":{"line":6,"column":69}},"type":"binary-expr","locations":[{"start":{"line":6,"column":38},"end":{"line":6,"column":63}},{"start":{"line":6,"column":67},"end":{"line":6,"column":69}}]},"1":{"loc":{"start":{"line":7,"column":30},"end":{"line":7,"column":74}},"type":"cond-expr","locations":[{"start":{"line":7,"column":43},"end":{"line":7,"column":45}},{"start":{"line":7,"column":30},"end":{"line":7,"column":74}}]},"2":{"loc":{"start":{"line":7,"column":30},"end":{"line":7,"column":45}},"type":"binary-expr","locations":[{"start":{"line":7,"column":30},"end":{"line":7,"column":45}},{"start":{"line":7,"column":30},"end":{"line":7,"column":45}}]},"3":{"loc":{"start":{"line":8,"column":34},"end":{"line":8,"column":62}},"type":"binary-expr","locations":[{"start":{"line":8,"column":34},"end":{"line":8,"column":56}},{"start":{"line":8,"column":60},"end":{"line":8,"column":62}}]},"4":{"loc":{"start":{"line":10,"column":8},"end":{"line":12,"column":null}},"type":"if","locations":[{"start":{"line":10,"column":8},"end":{"line":12,"column":null}}]}},"s":{"0":1,"1":0,"2":0,"3":0,"4":0,"5":0,"6":0,"7":0,"8":0,"9":0,"10":0,"11":1},"f":{"0":0},"b":{"0":[0,0],"1":[0,0],"2":[0,0],"3":[0,0],"4":[0]}}
,"/home/gabrielfarias/Documents/PantherCards/PantherCards - back/src/repositories/deckRepository.ts": {"path":"/home/gabrielfarias/Documents/PantherCards/PantherCards - back/src/repositories/deckRepository.ts","statementMap":{"0":{"start":{"line":2,"column":0},"end":{"line":2,"column":44}},"1":{"start":{"line":6,"column":31},"end":{"line":12,"column":6}},"2":{"start":{"line":14,"column":4},"end":{"line":14,"column":23}},"3":{"start":{"line":5,"column":0},"end":{"line":5,"column":22}},"4":{"start":{"line":21,"column":43},"end":{"line":27,"column":6}},"5":{"start":{"line":29,"column":4},"end":{"line":29,"column":27}},"6":{"start":{"line":17,"column":0},"end":{"line":17,"column":22}},"7":{"start":{"line":36,"column":22},"end":{"line":38,"column":6}},"8":{"start":{"line":37,"column":8},"end":{"line":37,"column":39}},"9":{"start":{"line":40,"column":4},"end":{"line":40,"column":70}},"10":{"start":{"line":32,"column":0},"end":{"line":32,"column":22}},"11":{"start":{"line":44,"column":17},"end":{"line":47,"column":6}},"12":{"start":{"line":49,"column":4},"end":{"line":49,"column":16}},"13":{"start":{"line":43,"column":0},"end":{"line":43,"column":22}},"14":{"start":{"line":53,"column":4},"end":{"line":53,"column":62}},"15":{"start":{"line":52,"column":0},"end":{"line":52,"column":22}},"16":{"start":{"line":59,"column":43},"end":{"line":61,"column":6}},"17":{"start":{"line":63,"column":4},"end":{"line":63,"column":25}},"18":{"start":{"line":56,"column":0},"end":{"line":56,"column":22}},"19":{"start":{"line":70,"column":37},"end":{"line":72,"column":6}},"20":{"start":{"line":74,"column":4},"end":{"line":74,"column":22}},"21":{"start":{"line":66,"column":0},"end":{"line":66,"column":22}},"22":{"start":{"line":82,"column":43},"end":{"line":89,"column":6}},"23":{"start":{"line":91,"column":4},"end":{"line":91,"column":29}},"24":{"start":{"line":77,"column":0},"end":{"line":77,"column":22}},"25":{"start":{"line":95,"column":4},"end":{"line":109,"column":7}},"26":{"start":{"line":94,"column":0},"end":{"line":94,"column":22}},"27":{"start":{"line":113,"column":4},"end":{"line":113,"column":72}},"28":{"start":{"line":112,"column":0},"end":{"line":112,"column":22}},"29":{"start":{"line":117,"column":4},"end":{"line":117,"column":64}},"30":{"start":{"line":116,"column":0},"end":{"line":116,"column":22}}},"fnMap":{"0":{"name":"insertDeck","decl":{"start":{"line":5,"column":22},"end":{"line":5,"column":32}},"loc":{"start":{"line":5,"column":60},"end":{"line":15,"column":null}}},"1":{"name":"insertDeckQuestion","decl":{"start":{"line":17,"column":22},"end":{"line":17,"column":40}},"loc":{"start":{"line":19,"column":18},"end":{"line":30,"column":null}}},"2":{"name":"insertDeckQuestionsArray","decl":{"start":{"line":32,"column":22},"end":{"line":32,"column":46}},"loc":{"start":{"line":34,"column":18},"end":{"line":41,"column":null}}},"3":{"name":"(anonymous_13)","decl":{"start":{"line":36,"column":40},"end":{"line":36,"column":41}},"loc":{"start":{"line":36,"column":68},"end":{"line":38,"column":5}}},"4":{"name":"getDeckById","decl":{"start":{"line":43,"column":22},"end":{"line":43,"column":33}},"loc":{"start":{"line":43,"column":44},"end":{"line":50,"column":null}}},"5":{"name":"getDecksByUserId","decl":{"start":{"line":52,"column":22},"end":{"line":52,"column":38}},"loc":{"start":{"line":52,"column":53},"end":{"line":54,"column":null}}},"6":{"name":"getDeckQuestions","decl":{"start":{"line":56,"column":22},"end":{"line":56,"column":38}},"loc":{"start":{"line":57,"column":18},"end":{"line":64,"column":null}}},"7":{"name":"getDeckByNameAndUserId","decl":{"start":{"line":66,"column":22},"end":{"line":66,"column":44}},"loc":{"start":{"line":68,"column":18},"end":{"line":75,"column":null}}},"8":{"name":"insertDeckResult","decl":{"start":{"line":77,"column":22},"end":{"line":77,"column":38}},"loc":{"start":{"line":80,"column":18},"end":{"line":92,"column":null}}},"9":{"name":"getDeckResults","decl":{"start":{"line":94,"column":22},"end":{"line":94,"column":36}},"loc":{"start":{"line":94,"column":51},"end":{"line":110,"column":null}}},"10":{"name":"deleteQuestionsByDeckId","decl":{"start":{"line":112,"column":22},"end":{"line":112,"column":45}},"loc":{"start":{"line":112,"column":60},"end":{"line":114,"column":null}}},"11":{"name":"deleteDeckById","decl":{"start":{"line":116,"column":22},"end":{"line":116,"column":36}},"loc":{"start":{"line":116,"column":51},"end":{"line":118,"column":null}}}},"branchMap":{},"s":{"0":1,"1":0,"2":0,"3":1,"4":0,"5":0,"6":1,"7":0,"8":0,"9":0,"10":1,"11":0,"12":0,"13":1,"14":0,"15":1,"16":0,"17":0,"18":1,"19":0,"20":0,"21":1,"22":0,"23":0,"24":1,"25":0,"26":1,"27":0,"28":1,"29":0,"30":1},"f":{"0":0,"1":0,"2":0,"3":0,"4":0,"5":0,"6":0,"7":0,"8":0,"9":0,"10":0,"11":0},"b":{}}
,"/home/gabrielfarias/Documents/PantherCards/PantherCards - back/src/repositories/userRepository.ts": {"path":"/home/gabrielfarias/Documents/PantherCards/PantherCards - back/src/repositories/userRepository.ts","statementMap":{"0":{"start":{"line":1,"column":0},"end":{"line":1,"column":44}},"1":{"start":{"line":6,"column":4},"end":{"line":10,"column":7}},"2":{"start":{"line":5,"column":0},"end":{"line":5,"column":22}},"3":{"start":{"line":14,"column":4},"end":{"line":18,"column":7}},"4":{"start":{"line":13,"column":0},"end":{"line":13,"column":22}},"5":{"start":{"line":22,"column":31},"end":{"line":24,"column":6}},"6":{"start":{"line":26,"column":4},"end":{"line":26,"column":23}},"7":{"start":{"line":21,"column":0},"end":{"line":21,"column":22}},"8":{"start":{"line":30,"column":4},"end":{"line":30,"column":67}},"9":{"start":{"line":29,"column":0},"end":{"line":29,"column":22}},"10":{"start":{"line":36,"column":31},"end":{"line":38,"column":6}},"11":{"start":{"line":40,"column":4},"end":{"line":40,"column":26}},"12":{"start":{"line":33,"column":0},"end":{"line":33,"column":22}},"13":{"start":{"line":44,"column":4},"end":{"line":44,"column":41}},"14":{"start":{"line":43,"column":0},"end":{"line":43,"column":22}}},"fnMap":{"0":{"name":"findByEmail","decl":{"start":{"line":5,"column":22},"end":{"line":5,"column":33}},"loc":{"start":{"line":5,"column":47},"end":{"line":11,"column":null}}},"1":{"name":"findByUsername","decl":{"start":{"line":13,"column":22},"end":{"line":13,"column":36}},"loc":{"start":{"line":13,"column":53},"end":{"line":19,"column":null}}},"2":{"name":"insertUser","decl":{"start":{"line":21,"column":22},"end":{"line":21,"column":32}},"loc":{"start":{"line":21,"column":44},"end":{"line":27,"column":null}}},"3":{"name":"findById","decl":{"start":{"line":29,"column":22},"end":{"line":29,"column":30}},"loc":{"start":{"line":29,"column":45},"end":{"line":31,"column":null}}},"4":{"name":"getUsernameById","decl":{"start":{"line":33,"column":22},"end":{"line":33,"column":37}},"loc":{"start":{"line":34,"column":18},"end":{"line":41,"column":null}}},"5":{"name":"getAllUsers","decl":{"start":{"line":43,"column":22},"end":{"line":43,"column":33}},"loc":{"start":{"line":43,"column":33},"end":{"line":45,"column":null}}}},"branchMap":{"0":{"loc":{"start":{"line":40,"column":11},"end":{"line":40,"column":25}},"type":"cond-expr","locations":[{"start":{"line":40,"column":15},"end":{"line":40,"column":17}},{"start":{"line":40,"column":11},"end":{"line":40,"column":25}}]},"1":{"loc":{"start":{"line":40,"column":11},"end":{"line":40,"column":17}},"type":"binary-expr","locations":[{"start":{"line":40,"column":11},"end":{"line":40,"column":17}},{"start":{"line":40,"column":11},"end":{"line":40,"column":17}}]}},"s":{"0":2,"1":9,"2":2,"3":5,"4":2,"5":4,"6":4,"7":2,"8":0,"9":2,"10":0,"11":0,"12":2,"13":1,"14":2},"f":{"0":9,"1":5,"2":4,"3":0,"4":0,"5":1},"b":{"0":[0,0],"1":[0,0]}}
,"/home/gabrielfarias/Documents/PantherCards/PantherCards - back/src/routers/deckRouter.ts": {"path":"/home/gabrielfarias/Documents/PantherCards/PantherCards - back/src/routers/deckRouter.ts","statementMap":{"0":{"start":{"line":1,"column":0},"end":{"line":1,"column":77}},"1":{"start":{"line":2,"column":0},"end":{"line":2,"column":71}},"2":{"start":{"line":3,"column":0},"end":{"line":3,"column":null}},"3":{"start":{"line":12,"column":0},"end":{"line":12,"column":null}},"4":{"start":{"line":18,"column":0},"end":{"line":18,"column":33}},"5":{"start":{"line":19,"column":15},"end":{"line":19,"column":23}},"6":{"start":{"line":21,"column":0},"end":{"line":21,"column":28}},"7":{"start":{"line":23,"column":0},"end":{"line":23,"column":71}},"8":{"start":{"line":24,"column":0},"end":{"line":28,"column":2}},"9":{"start":{"line":29,"column":0},"end":{"line":29,"column":41}},"10":{"start":{"line":30,"column":0},"end":{"line":30,"column":51}},"11":{"start":{"line":31,"column":0},"end":{"line":35,"column":2}},"12":{"start":{"line":36,"column":0},"end":{"line":36,"column":51}},"13":{"start":{"line":38,"column":0},"end":{"line":38,"column":47}},"14":{"start":{"line":40,"column":0},"end":{"line":40,"column":22}}},"fnMap":{},"branchMap":{},"s":{"0":1,"1":1,"2":1,"3":1,"4":1,"5":1,"6":1,"7":1,"8":1,"9":1,"10":1,"11":1,"12":1,"13":1,"14":1},"f":{},"b":{}}
,"/home/gabrielfarias/Documents/PantherCards/PantherCards - back/src/routers/indexRouter.ts": {"path":"/home/gabrielfarias/Documents/PantherCards/PantherCards - back/src/routers/indexRouter.ts","statementMap":{"0":{"start":{"line":1,"column":0},"end":{"line":1,"column":33}},"1":{"start":{"line":2,"column":15},"end":{"line":2,"column":23}},"2":{"start":{"line":4,"column":0},"end":{"line":4,"column":38}},"3":{"start":{"line":5,"column":0},"end":{"line":5,"column":38}},"4":{"start":{"line":7,"column":0},"end":{"line":7,"column":23}},"5":{"start":{"line":8,"column":0},"end":{"line":8,"column":23}},"6":{"start":{"line":10,"column":0},"end":{"line":10,"column":22}}},"fnMap":{},"branchMap":{},"s":{"0":1,"1":1,"2":1,"3":1,"4":1,"5":1,"6":1},"f":{},"b":{}}
,"/home/gabrielfarias/Documents/PantherCards/PantherCards - back/src/routers/userRouter.ts": {"path":"/home/gabrielfarias/Documents/PantherCards/PantherCards - back/src/routers/userRouter.ts","statementMap":{"0":{"start":{"line":1,"column":0},"end":{"line":1,"column":77}},"1":{"start":{"line":2,"column":0},"end":{"line":2,"column":68}},"2":{"start":{"line":3,"column":0},"end":{"line":3,"column":73}},"3":{"start":{"line":5,"column":0},"end":{"line":5,"column":33}},"4":{"start":{"line":6,"column":15},"end":{"line":6,"column":23}},"5":{"start":{"line":8,"column":0},"end":{"line":8,"column":64}},"6":{"start":{"line":9,"column":0},"end":{"line":9,"column":64}},"7":{"start":{"line":11,"column":0},"end":{"line":11,"column":40}},"8":{"start":{"line":13,"column":0},"end":{"line":13,"column":22}}},"fnMap":{},"branchMap":{},"s":{"0":1,"1":1,"2":1,"3":1,"4":1,"5":1,"6":1,"7":1,"8":1},"f":{},"b":{}}
,"/home/gabrielfarias/Documents/PantherCards/PantherCards - back/src/schemas/deckSchemas.ts": {"path":"/home/gabrielfarias/Documents/PantherCards/PantherCards - back/src/schemas/deckSchemas.ts","statementMap":{"0":{"start":{"line":1,"column":0},"end":{"line":1,"column":22}},"1":{"start":{"line":4,"column":13},"end":{"line":10,"column":3}},"2":{"start":{"line":12,"column":13},"end":{"line":24,"column":3}},"3":{"start":{"line":26,"column":13},"end":{"line":29,"column":3}}},"fnMap":{},"branchMap":{},"s":{"0":1,"1":1,"2":1,"3":1},"f":{},"b":{}}
,"/home/gabrielfarias/Documents/PantherCards/PantherCards - back/src/schemas/userSchemas.ts": {"path":"/home/gabrielfarias/Documents/PantherCards/PantherCards - back/src/schemas/userSchemas.ts","statementMap":{"0":{"start":{"line":1,"column":0},"end":{"line":1,"column":22}},"1":{"start":{"line":4,"column":13},"end":{"line":27,"column":3}},"2":{"start":{"line":29,"column":13},"end":{"line":32,"column":3}}},"fnMap":{},"branchMap":{},"s":{"0":1,"1":1,"2":1},"f":{},"b":{}}
,"/home/gabrielfarias/Documents/PantherCards/PantherCards - back/src/services/deckServices.ts": {"path":"/home/gabrielfarias/Documents/PantherCards/PantherCards - back/src/services/deckServices.ts","statementMap":{"0":{"start":{"line":2,"column":0},"end":{"line":2,"column":67}},"1":{"start":{"line":12,"column":4},"end":{"line":12,"column":59}},"2":{"start":{"line":11,"column":0},"end":{"line":11,"column":22}},"3":{"start":{"line":17,"column":8},"end":{"line":17,"column":67}},"4":{"start":{"line":19,"column":4},"end":{"line":24,"column":null}},"5":{"start":{"line":20,"column":8},"end":{"line":23,"column":10}},"6":{"start":{"line":26,"column":4},"end":{"line":26,"column":11}},"7":{"start":{"line":15,"column":0},"end":{"line":15,"column":22}},"8":{"start":{"line":33,"column":31},"end":{"line":33,"column":56}},"9":{"start":{"line":35,"column":4},"end":{"line":40,"column":null}},"10":{"start":{"line":36,"column":8},"end":{"line":39,"column":10}},"11":{"start":{"line":42,"column":4},"end":{"line":42,"column":11}},"12":{"start":{"line":29,"column":0},"end":{"line":29,"column":22}},"13":{"start":{"line":46,"column":31},"end":{"line":46,"column":56}},"14":{"start":{"line":48,"column":4},"end":{"line":53,"column":null}},"15":{"start":{"line":49,"column":8},"end":{"line":52,"column":10}},"16":{"start":{"line":55,"column":4},"end":{"line":55,"column":11}},"17":{"start":{"line":45,"column":0},"end":{"line":45,"column":22}},"18":{"start":{"line":59,"column":31},"end":{"line":59,"column":56}},"19":{"start":{"line":61,"column":4},"end":{"line":66,"column":null}},"20":{"start":{"line":62,"column":8},"end":{"line":65,"column":10}},"21":{"start":{"line":68,"column":4},"end":{"line":68,"column":11}},"22":{"start":{"line":58,"column":0},"end":{"line":58,"column":22}},"23":{"start":{"line":75,"column":4},"end":{"line":75,"column":72}},"24":{"start":{"line":71,"column":0},"end":{"line":71,"column":22}},"25":{"start":{"line":79,"column":17},"end":{"line":79,"column":42}},"26":{"start":{"line":80,"column":43},"end":{"line":80,"column":73}},"27":{"start":{"line":82,"column":24},"end":{"line":84,"column":null}},"28":{"start":{"line":87,"column":4},"end":{"line":87,"column":26}},"29":{"start":{"line":78,"column":0},"end":{"line":78,"column":22}},"30":{"start":{"line":91,"column":4},"end":{"line":91,"column":59}},"31":{"start":{"line":90,"column":0},"end":{"line":90,"column":22}},"32":{"start":{"line":95,"column":4},"end":{"line":95,"column":58}},"33":{"start":{"line":95,"column":41},"end":{"line":95,"column":56}},"34":{"start":{"line":94,"column":0},"end":{"line":94,"column":16}},"35":{"start":{"line":103,"column":4},"end":{"line":103,"column":79}},"36":{"start":{"line":98,"column":0},"end":{"line":98,"column":22}},"37":{"start":{"line":107,"column":4},"end":{"line":107,"column":57}},"38":{"start":{"line":106,"column":0},"end":{"line":106,"column":22}},"39":{"start":{"line":111,"column":4},"end":{"line":111,"column":59}},"40":{"start":{"line":112,"column":4},"end":{"line":112,"column":50}},"41":{"start":{"line":114,"column":4},"end":{"line":114,"column":11}},"42":{"start":{"line":110,"column":0},"end":{"line":110,"column":22}},"43":{"start":{"line":118,"column":4},"end":{"line":118,"column":54}},"44":{"start":{"line":122,"column":4},"end":{"line":122,"column":59}}},"fnMap":{"0":{"name":"insertDeck","decl":{"start":{"line":11,"column":22},"end":{"line":11,"column":32}},"loc":{"start":{"line":11,"column":60},"end":{"line":13,"column":null}}},"1":{"name":"validateNewDeckNameForUser","decl":{"start":{"line":15,"column":22},"end":{"line":15,"column":48}},"loc":{"start":{"line":15,"column":76},"end":{"line":27,"column":null}}},"2":{"name":"validateDeckBelongsToUser","decl":{"start":{"line":29,"column":22},"end":{"line":29,"column":47}},"loc":{"start":{"line":31,"column":18},"end":{"line":43,"column":null}}},"3":{"name":"validateDeckExists","decl":{"start":{"line":45,"column":22},"end":{"line":45,"column":40}},"loc":{"start":{"line":45,"column":55},"end":{"line":56,"column":null}}},"4":{"name":"validatePrivateDeck","decl":{"start":{"line":58,"column":22},"end":{"line":58,"column":41}},"loc":{"start":{"line":58,"column":72},"end":{"line":69,"column":null}}},"5":{"name":"insertQuestions","decl":{"start":{"line":71,"column":22},"end":{"line":71,"column":37}},"loc":{"start":{"line":73,"column":18},"end":{"line":76,"column":null}}},"6":{"name":"getDeckWithQuestions","decl":{"start":{"line":78,"column":22},"end":{"line":78,"column":42}},"loc":{"start":{"line":78,"column":57},"end":{"line":88,"column":null}}},"7":{"name":"getDecksByUserId","decl":{"start":{"line":90,"column":22},"end":{"line":90,"column":38}},"loc":{"start":{"line":90,"column":53},"end":{"line":92,"column":null}}},"8":{"name":"filterPrivateDecks","decl":{"start":{"line":94,"column":16},"end":{"line":94,"column":34}},"loc":{"start":{"line":94,"column":49},"end":{"line":96,"column":1}}},"9":{"name":"(anonymous_30)","decl":{"start":{"line":95,"column":24},"end":{"line":95,"column":25}},"loc":{"start":{"line":95,"column":41},"end":{"line":95,"column":56}}},"10":{"name":"insertDeckResult","decl":{"start":{"line":98,"column":22},"end":{"line":98,"column":38}},"loc":{"start":{"line":101,"column":18},"end":{"line":104,"column":null}}},"11":{"name":"getDeckResults","decl":{"start":{"line":106,"column":22},"end":{"line":106,"column":36}},"loc":{"start":{"line":106,"column":51},"end":{"line":108,"column":null}}},"12":{"name":"deleteDeckById","decl":{"start":{"line":110,"column":22},"end":{"line":110,"column":36}},"loc":{"start":{"line":110,"column":51},"end":{"line":115,"column":null}}},"13":{"name":"getDeckById","decl":{"start":{"line":117,"column":15},"end":{"line":117,"column":26}},"loc":{"start":{"line":117,"column":41},"end":{"line":119,"column":null}}},"14":{"name":"getDeckQuestions","decl":{"start":{"line":121,"column":15},"end":{"line":121,"column":31}},"loc":{"start":{"line":121,"column":46},"end":{"line":123,"column":null}}}},"branchMap":{"0":{"loc":{"start":{"line":19,"column":4},"end":{"line":24,"column":null}},"type":"if","locations":[{"start":{"line":19,"column":4},"end":{"line":24,"column":null}}]},"1":{"loc":{"start":{"line":35,"column":4},"end":{"line":40,"column":null}},"type":"if","locations":[{"start":{"line":35,"column":4},"end":{"line":40,"column":null}}]},"2":{"loc":{"start":{"line":35,"column":8},"end":{"line":35,"column":20}},"type":"cond-expr","locations":[{"start":{"line":35,"column":12},"end":{"line":35,"column":14}},{"start":{"line":35,"column":8},"end":{"line":35,"column":20}}]},"3":{"loc":{"start":{"line":35,"column":8},"end":{"line":35,"column":14}},"type":"binary-expr","locations":[{"start":{"line":35,"column":8},"end":{"line":35,"column":14}},{"start":{"line":35,"column":8},"end":{"line":35,"column":14}}]},"4":{"loc":{"start":{"line":48,"column":4},"end":{"line":53,"column":null}},"type":"if","locations":[{"start":{"line":48,"column":4},"end":{"line":53,"column":null}}]},"5":{"loc":{"start":{"line":61,"column":4},"end":{"line":66,"column":null}},"type":"if","locations":[{"start":{"line":61,"column":4},"end":{"line":66,"column":null}}]},"6":{"loc":{"start":{"line":61,"column":8},"end":{"line":61,"column":49}},"type":"binary-expr","locations":[{"start":{"line":61,"column":8},"end":{"line":61,"column":23}},{"start":{"line":61,"column":27},"end":{"line":61,"column":49}}]},"7":{"loc":{"start":{"line":61,"column":8},"end":{"line":61,"column":23}},"type":"cond-expr","locations":[{"start":{"line":61,"column":12},"end":{"line":61,"column":14}},{"start":{"line":61,"column":8},"end":{"line":61,"column":23}}]},"8":{"loc":{"start":{"line":61,"column":8},"end":{"line":61,"column":14}},"type":"binary-expr","locations":[{"start":{"line":61,"column":8},"end":{"line":61,"column":14}},{"start":{"line":61,"column":8},"end":{"line":61,"column":14}}]}},"s":{"0":1,"1":0,"2":1,"3":0,"4":0,"5":0,"6":0,"7":1,"8":0,"9":0,"10":0,"11":0,"12":1,"13":0,"14":0,"15":0,"16":0,"17":1,"18":0,"19":0,"20":0,"21":0,"22":1,"23":0,"24":1,"25":0,"26":0,"27":0,"28":0,"29":1,"30":0,"31":1,"32":0,"33":0,"34":1,"35":0,"36":1,"37":0,"38":1,"39":0,"40":0,"41":0,"42":1,"43":0,"44":0},"f":{"0":0,"1":0,"2":0,"3":0,"4":0,"5":0,"6":0,"7":0,"8":0,"9":0,"10":0,"11":0,"12":0,"13":0,"14":0},"b":{"0":[0],"1":[0],"2":[0,0],"3":[0,0],"4":[0],"5":[0],"6":[0,0],"7":[0,0],"8":[0,0]}}
,"/home/gabrielfarias/Documents/PantherCards/PantherCards - back/src/services/userServices.ts": {"path":"/home/gabrielfarias/Documents/PantherCards/PantherCards - back/src/services/userServices.ts","statementMap":{"0":{"start":{"line":1,"column":0},"end":{"line":1,"column":67}},"1":{"start":{"line":4,"column":0},"end":{"line":4,"column":31}},"2":{"start":{"line":5,"column":0},"end":{"line":5,"column":28}},"3":{"start":{"line":11,"column":4},"end":{"line":16,"column":null}},"4":{"start":{"line":12,"column":8},"end":{"line":15,"column":10}},"5":{"start":{"line":18,"column":4},"end":{"line":18,"column":16}},"6":{"start":{"line":7,"column":0},"end":{"line":7,"column":16}},"7":{"start":{"line":22,"column":31},"end":{"line":22,"column":55}},"8":{"start":{"line":24,"column":4},"end":{"line":29,"column":null}},"9":{"start":{"line":25,"column":8},"end":{"line":28,"column":10}},"10":{"start":{"line":31,"column":4},"end":{"line":31,"column":16}},"11":{"start":{"line":21,"column":0},"end":{"line":21,"column":22}},"12":{"start":{"line":35,"column":31},"end":{"line":35,"column":78}},"13":{"start":{"line":37,"column":4},"end":{"line":42,"column":null}},"14":{"start":{"line":38,"column":8},"end":{"line":41,"column":10}},"15":{"start":{"line":44,"column":4},"end":{"line":44,"column":16}},"16":{"start":{"line":34,"column":0},"end":{"line":34,"column":22}},"17":{"start":{"line":48,"column":23},"end":{"line":50,"column":null}},"18":{"start":{"line":53,"column":4},"end":{"line":53,"column":60}},"19":{"start":{"line":47,"column":0},"end":{"line":47,"column":22}},"20":{"start":{"line":57,"column":39},"end":{"line":57,"column":72}},"21":{"start":{"line":59,"column":4},"end":{"line":64,"column":null}},"22":{"start":{"line":63,"column":8},"end":{"line":63,"column":73}},"23":{"start":{"line":66,"column":4},"end":{"line":66,"column":24}},"24":{"start":{"line":56,"column":0},"end":{"line":56,"column":22}},"25":{"start":{"line":70,"column":31},"end":{"line":70,"column":55}},"26":{"start":{"line":72,"column":30},"end":{"line":72,"column":60}},"27":{"start":{"line":73,"column":26},"end":{"line":73,"column":74}},"28":{"start":{"line":75,"column":4},"end":{"line":75,"column":17}},"29":{"start":{"line":69,"column":0},"end":{"line":69,"column":22}},"30":{"start":{"line":79,"column":31},"end":{"line":79,"column":70}},"31":{"start":{"line":81,"column":4},"end":{"line":86,"column":null}},"32":{"start":{"line":82,"column":8},"end":{"line":85,"column":10}},"33":{"start":{"line":88,"column":4},"end":{"line":88,"column":16}},"34":{"start":{"line":78,"column":0},"end":{"line":78,"column":22}},"35":{"start":{"line":94,"column":4},"end":{"line":94,"column":58}},"36":{"start":{"line":91,"column":0},"end":{"line":91,"column":22}},"37":{"start":{"line":98,"column":27},"end":{"line":98,"column":63}},"38":{"start":{"line":100,"column":34},"end":{"line":104,"column":6}},"39":{"start":{"line":101,"column":30},"end":{"line":101,"column":57}},"40":{"start":{"line":103,"column":8},"end":{"line":103,"column":47}},"41":{"start":{"line":106,"column":50},"end":{"line":109,"column":null}},"42":{"start":{"line":108,"column":12},"end":{"line":108,"column":60}},"43":{"start":{"line":112,"column":4},"end":{"line":112,"column":34}},"44":{"start":{"line":97,"column":0},"end":{"line":97,"column":22}},"45":{"start":{"line":116,"column":25},"end":{"line":116,"column":27}},"46":{"start":{"line":117,"column":38},"end":{"line":117,"column":71}},"47":{"start":{"line":119,"column":4},"end":{"line":119,"column":29}},"48":{"start":{"line":123,"column":4},"end":{"line":123,"column":53}},"49":{"start":{"line":122,"column":0},"end":{"line":122,"column":22}}},"fnMap":{"0":{"name":"validateConfirmPassword","decl":{"start":{"line":7,"column":16},"end":{"line":7,"column":39}},"loc":{"start":{"line":9,"column":27},"end":{"line":19,"column":1}}},"1":{"name":"validateNewEmail","decl":{"start":{"line":21,"column":22},"end":{"line":21,"column":38}},"loc":{"start":{"line":21,"column":52},"end":{"line":32,"column":null}}},"2":{"name":"validateNewUsername","decl":{"start":{"line":34,"column":22},"end":{"line":34,"column":41}},"loc":{"start":{"line":34,"column":58},"end":{"line":45,"column":null}}},"3":{"name":"insertUser","decl":{"start":{"line":47,"column":22},"end":{"line":47,"column":32}},"loc":{"start":{"line":47,"column":44},"end":{"line":54,"column":null}}},"4":{"name":"validatePassword","decl":{"start":{"line":56,"column":22},"end":{"line":56,"column":38}},"loc":{"start":{"line":56,"column":54},"end":{"line":67,"column":null}}},"5":{"name":"generateToken","decl":{"start":{"line":69,"column":22},"end":{"line":69,"column":35}},"loc":{"start":{"line":69,"column":49},"end":{"line":76,"column":null}}},"6":{"name":"validateUserExists","decl":{"start":{"line":78,"column":22},"end":{"line":78,"column":40}},"loc":{"start":{"line":78,"column":55},"end":{"line":89,"column":null}}},"7":{"name":"getUsernameById","decl":{"start":{"line":91,"column":22},"end":{"line":91,"column":37}},"loc":{"start":{"line":92,"column":18},"end":{"line":95,"column":null}}},"8":{"name":"getUsersByInput","decl":{"start":{"line":97,"column":22},"end":{"line":97,"column":37}},"loc":{"start":{"line":97,"column":51},"end":{"line":113,"column":null}}},"9":{"name":"(anonymous_31)","decl":{"start":{"line":100,"column":47},"end":{"line":100,"column":48}},"loc":{"start":{"line":100,"column":63},"end":{"line":104,"column":5}}},"10":{"name":"(anonymous_32)","decl":{"start":{"line":107,"column":8},"end":{"line":107,"column":9}},"loc":{"start":{"line":107,"column":24},"end":{"line":109,"column":9}}},"11":{"name":"encryptsPassword","decl":{"start":{"line":115,"column":15},"end":{"line":115,"column":31}},"loc":{"start":{"line":115,"column":48},"end":{"line":120,"column":null}}},"12":{"name":"findByEmail","decl":{"start":{"line":122,"column":22},"end":{"line":122,"column":33}},"loc":{"start":{"line":122,"column":47},"end":{"line":124,"column":null}}}},"branchMap":{"0":{"loc":{"start":{"line":11,"column":4},"end":{"line":16,"column":null}},"type":"if","locations":[{"start":{"line":11,"column":4},"end":{"line":16,"column":null}}]},"1":{"loc":{"start":{"line":24,"column":4},"end":{"line":29,"column":null}},"type":"if","locations":[{"start":{"line":24,"column":4},"end":{"line":29,"column":null}}]},"2":{"loc":{"start":{"line":37,"column":4},"end":{"line":42,"column":null}},"type":"if","locations":[{"start":{"line":37,"column":4},"end":{"line":42,"column":null}}]},"3":{"loc":{"start":{"line":59,"column":4},"end":{"line":64,"column":null}},"type":"if","locations":[{"start":{"line":59,"column":4},"end":{"line":64,"column":null}}]},"4":{"loc":{"start":{"line":60,"column":8},"end":{"line":61,"column":73}},"type":"binary-expr","locations":[{"start":{"line":60,"column":8},"end":{"line":60,"column":21}},{"start":{"line":61,"column":8},"end":{"line":61,"column":73}}]},"5":{"loc":{"start":{"line":73,"column":26},"end":{"line":73,"column":74}},"type":"cond-expr","locations":[{"start":{"line":73,"column":33},"end":{"line":73,"column":69}},{"start":{"line":73,"column":72},"end":{"line":73,"column":74}}]},"6":{"loc":{"start":{"line":81,"column":4},"end":{"line":86,"column":null}},"type":"if","locations":[{"start":{"line":81,"column":4},"end":{"line":86,"column":null}}]}},"s":{"0":2,"1":2,"2":2,"3":8,"4":1,"5":7,"6":2,"7":6,"8":6,"9":1,"10":5,"11":2,"12":5,"13":5,"14":1,"15":4,"16":2,"17":5,"18":5,"19":2,"20":2,"21":2,"22":1,"23":1,"24":2,"25":1,"26":1,"27":1,"28":1,"29":2,"30":0,"31":0,"32":0,"33":0,"34":2,"35":0,"36":2,"37":1,"38":1,"39":0,"40":0,"41":1,"42":0,"43":1,"44":2,"45":5,"46":5,"47":5,"48":9,"49":2},"f":{"0":8,"1":6,"2":5,"3":5,"4":2,"5":1,"6":0,"7":0,"8":1,"9":0,"10":0,"11":5,"12":9},"b":{"0":[1],"1":[1],"2":[1],"3":[1],"4":[2,1],"5":[1,0],"6":[0]}}
}
