TN:
SF:src/app.ts
FNF:0
FNH:0
DA:1,2
DA:2,2
DA:3,2
DA:4,2
DA:6,2
DA:7,2
DA:9,2
DA:10,2
DA:11,2
DA:12,2
DA:14,2
DA:15,2
DA:17,2
LF:13
LH:13
BRF:0
BRH:0
end_of_record
TN:
SF:src/config/database.ts
FNF:0
FNH:0
DA:1,3
DA:3,3
DA:5,3
LF:3
LH:3
BRF:0
BRH:0
end_of_record
TN:
SF:src/controllers/deckController.ts
FN:13,insertDeck
FN:23,insertQuestions
FN:36,getDeckById
FN:47,getDecksByUserId
FN:65,insertDeckResult
FN:82,getDeckResults
FN:93,deleteDeckById
FNF:7
FNH:5
FNDA:6,insertDeck
FNDA:1,insertQuestions
FNDA:2,getDeckById
FNDA:2,getDecksByUserId
FNDA:1,insertDeckResult
FNDA:0,getDeckResults
FNDA:0,deleteDeckById
DA:9,2
DA:10,2
DA:13,2
DA:14,6
DA:15,6
DA:17,6
DA:18,5
DA:20,5
DA:23,2
DA:24,1
DA:25,1
DA:26,1
DA:28,1
DA:29,1
DA:30,1
DA:31,1
DA:33,1
DA:36,2
DA:37,2
DA:38,2
DA:40,2
DA:41,1
DA:42,1
DA:44,1
DA:47,2
DA:48,2
DA:49,2
DA:51,2
DA:52,1
DA:55,1
DA:57,1
DA:58,1
DA:61,1
DA:62,1
DA:65,2
DA:66,1
DA:67,1
DA:68,1
DA:70,1
DA:71,1
DA:72,1
DA:73,1
DA:79,1
DA:82,2
DA:83,0
DA:84,0
DA:86,0
DA:87,0
DA:88,0
DA:90,0
DA:93,2
DA:94,0
DA:95,0
DA:97,0
DA:98,0
DA:99,0
DA:101,0
LF:57
LH:45
BRDA:57,0,0,1
BRF:1
BRH:1
end_of_record
TN:
SF:src/controllers/userController.ts
FN:6,signUp
FN:26,signIn
FN:35,getUsers
FNF:3
FNH:3
FNDA:15,signUp
FNDA:2,signIn
FNDA:1,getUsers
DA:4,2
DA:6,2
DA:7,15
DA:12,15
DA:14,15
DA:15,14
DA:16,13
DA:17,12
DA:19,12
DA:26,2
DA:27,2
DA:29,2
DA:30,1
DA:32,1
DA:35,2
DA:36,1
DA:38,1
DA:41,1
LF:18
LH:18
BRF:0
BRH:0
end_of_record
TN:
SF:src/middlewares/errorHandlingMiddleware.ts
FN:3,errorHandlingMiddleware
FNF:1
FNH:1
FNDA:8,errorHandlingMiddleware
DA:3,2
DA:9,8
DA:11,6
DA:12,3
DA:14,3
DA:16,1
LF:6
LH:6
BRDA:9,0,0,2
BRDA:11,1,0,3
BRDA:14,2,0,2
BRF:3
BRH:3
end_of_record
TN:
SF:src/middlewares/schemaValidationMiddleware.ts
FN:3,(anonymous_0)
FN:4,(anonymous_1)
FNF:2
FNH:2
FNDA:10,(anonymous_0)
FNDA:25,(anonymous_1)
DA:3,2
DA:4,10
DA:5,25
DA:7,25
DA:8,0
DA:10,25
LF:6
LH:5
BRDA:7,0,0,0
BRF:1
BRH:0
end_of_record
TN:
SF:src/middlewares/tokenValidationMiddleware.ts
FN:4,tokenMiddleware
FNF:1
FNH:1
FNDA:12,tokenMiddleware
DA:2,2
DA:4,2
DA:5,12
DA:6,12
DA:7,12
DA:8,12
DA:10,12
DA:11,0
DA:14,12
DA:16,12
DA:17,12
DA:19,0
LF:12
LH:10
BRDA:6,0,0,12
BRDA:6,0,1,0
BRDA:7,1,0,0
BRDA:7,1,1,12
BRDA:7,2,0,12
BRDA:7,2,1,12
BRDA:8,3,0,12
BRDA:8,3,1,0
BRDA:10,4,0,0
BRF:9
BRH:5
end_of_record
TN:
SF:src/repositories/deckRepository.ts
FN:5,insertDeck
FN:17,insertDeckQuestion
FN:32,insertDeckQuestionsArray
FN:36,(anonymous_13)
FN:43,getDeckById
FN:52,getDecksByUserId
FN:56,getDeckQuestions
FN:66,getDeckByNameAndUserId
FN:77,insertDeckResult
FN:94,getDeckResults
FN:112,deleteQuestionsByDeckId
FN:116,deleteDeckById
FNF:12
FNH:8
FNDA:5,insertDeck
FNDA:0,insertDeckQuestion
FNDA:1,insertDeckQuestionsArray
FNDA:3,(anonymous_13)
FNDA:9,getDeckById
FNDA:1,getDecksByUserId
FNDA:2,getDeckQuestions
FNDA:6,getDeckByNameAndUserId
FNDA:1,insertDeckResult
FNDA:0,getDeckResults
FNDA:0,deleteQuestionsByDeckId
FNDA:0,deleteDeckById
DA:2,2
DA:5,2
DA:6,5
DA:14,5
DA:17,2
DA:21,0
DA:29,0
DA:32,2
DA:36,1
DA:37,3
DA:40,1
DA:43,2
DA:44,9
DA:49,9
DA:52,2
DA:53,1
DA:56,2
DA:59,2
DA:63,2
DA:66,2
DA:70,6
DA:74,6
DA:77,2
DA:82,1
DA:91,1
DA:94,2
DA:95,0
DA:112,2
DA:113,0
DA:116,2
DA:117,0
LF:31
LH:26
BRF:0
BRH:0
end_of_record
TN:
SF:src/repositories/userRepository.ts
FN:5,findByEmail
FN:13,findByUsername
FN:21,insertUser
FN:29,findById
FN:33,getUsernameById
FN:43,getAllUsers
FNF:6
FNH:6
FNDA:17,findByEmail
FNDA:13,findByUsername
FNDA:12,insertUser
FNDA:3,findById
FNDA:1,getUsernameById
FNDA:1,getAllUsers
DA:1,3
DA:5,3
DA:6,17
DA:13,3
DA:14,13
DA:21,3
DA:22,12
DA:26,12
DA:29,3
DA:30,3
DA:33,3
DA:36,1
DA:40,1
DA:43,3
DA:44,1
LF:15
LH:15
BRDA:40,0,0,0
BRDA:40,0,1,1
BRDA:40,1,0,1
BRDA:40,1,1,1
BRF:4
BRH:3
end_of_record
TN:
SF:src/routers/deckRouter.ts
FNF:0
FNH:0
DA:1,2
DA:2,2
DA:3,2
DA:12,2
DA:18,2
DA:19,2
DA:21,2
DA:23,2
DA:24,2
DA:29,2
DA:30,2
DA:31,2
DA:36,2
DA:38,2
DA:40,2
LF:15
LH:15
BRF:0
BRH:0
end_of_record
TN:
SF:src/routers/indexRouter.ts
FNF:0
FNH:0
DA:1,2
DA:2,2
DA:4,2
DA:5,2
DA:7,2
DA:8,2
DA:10,2
LF:7
LH:7
BRF:0
BRH:0
end_of_record
TN:
SF:src/routers/userRouter.ts
FNF:0
FNH:0
DA:1,2
DA:2,2
DA:3,2
DA:5,2
DA:6,2
DA:8,2
DA:9,2
DA:11,2
DA:13,2
LF:9
LH:9
BRF:0
BRH:0
end_of_record
TN:
SF:src/schemas/deckSchemas.ts
FNF:0
FNH:0
DA:1,2
DA:4,2
DA:12,2
DA:26,2
LF:4
LH:4
BRF:0
BRH:0
end_of_record
TN:
SF:src/schemas/userSchemas.ts
FNF:0
FNH:0
DA:1,2
DA:4,2
DA:29,2
LF:3
LH:3
BRF:0
BRH:0
end_of_record
TN:
SF:src/services/deckServices.ts
FN:11,insertDeck
FN:15,validateNewDeckNameForUser
FN:29,validateDeckBelongsToUser
FN:45,validateDeckExists
FN:58,validatePrivateDeck
FN:71,insertQuestions
FN:78,getDeckWithQuestions
FN:90,getDecksByUserId
FN:94,filterPrivateDecks
FN:95,(anonymous_30)
FN:98,insertDeckResult
FN:106,getDeckResults
FN:110,deleteDeckById
FN:117,getDeckById
FN:121,getDeckQuestions
FNF:15
FNH:12
FNDA:5,insertDeck
FNDA:6,validateNewDeckNameForUser
FNDA:1,validateDeckBelongsToUser
FNDA:4,validateDeckExists
FNDA:2,validatePrivateDeck
FNDA:1,insertQuestions
FNDA:2,getDeckWithQuestions
FNDA:1,getDecksByUserId
FNDA:1,filterPrivateDecks
FNDA:0,(anonymous_30)
FNDA:1,insertDeckResult
FNDA:0,getDeckResults
FNDA:0,deleteDeckById
FNDA:9,getDeckById
FNDA:2,getDeckQuestions
DA:2,2
DA:11,2
DA:12,5
DA:15,2
DA:17,6
DA:19,6
DA:20,1
DA:26,5
DA:29,2
DA:33,1
DA:35,1
DA:36,0
DA:42,1
DA:45,2
DA:46,4
DA:48,4
DA:49,1
DA:55,3
DA:58,2
DA:59,2
DA:61,2
DA:62,0
DA:68,2
DA:71,2
DA:75,1
DA:78,2
DA:79,2
DA:80,2
DA:82,2
DA:87,2
DA:90,2
DA:91,1
DA:94,2
DA:95,1
DA:98,2
DA:103,1
DA:106,2
DA:107,0
DA:110,2
DA:111,0
DA:112,0
DA:114,0
DA:118,9
DA:122,2
LF:44
LH:38
BRDA:19,0,0,1
BRDA:35,1,0,0
BRDA:35,2,0,0
BRDA:35,2,1,1
BRDA:35,3,0,1
BRDA:35,3,1,1
BRDA:48,4,0,1
BRDA:61,5,0,0
BRDA:61,6,0,2
BRDA:61,6,1,1
BRDA:61,7,0,0
BRDA:61,7,1,2
BRDA:61,8,0,2
BRDA:61,8,1,2
BRF:14
BRH:10
end_of_record
TN:
SF:src/services/userServices.ts
FN:7,validateConfirmPassword
FN:21,validateNewEmail
FN:34,validateNewUsername
FN:47,insertUser
FN:56,validatePassword
FN:69,generateToken
FN:78,validateUserExists
FN:91,getUsernameById
FN:97,getUsersByInput
FN:100,(anonymous_31)
FN:107,(anonymous_32)
FN:115,encryptsPassword
FN:122,findByEmail
FNF:13
FNH:11
FNDA:16,validateConfirmPassword
FNDA:14,validateNewEmail
FNDA:13,validateNewUsername
FNDA:13,insertUser
FNDA:2,validatePassword
FNDA:1,generateToken
FNDA:3,validateUserExists
FNDA:1,getUsernameById
FNDA:1,getUsersByInput
FNDA:0,(anonymous_31)
FNDA:0,(anonymous_32)
FNDA:13,encryptsPassword
FNDA:17,findByEmail
DA:1,3
DA:4,3
DA:5,3
DA:7,3
DA:11,16
DA:12,1
DA:18,15
DA:21,3
DA:22,14
DA:24,14
DA:25,1
DA:31,13
DA:34,3
DA:35,13
DA:37,13
DA:38,1
DA:44,12
DA:47,3
DA:48,13
DA:53,13
DA:56,3
DA:57,2
DA:59,2
DA:63,1
DA:66,1
DA:69,3
DA:70,1
DA:72,1
DA:73,1
DA:75,1
DA:78,3
DA:79,3
DA:81,3
DA:82,1
DA:88,2
DA:91,3
DA:94,1
DA:97,3
DA:98,1
DA:100,1
DA:101,0
DA:103,0
DA:106,1
DA:108,0
DA:112,1
DA:116,13
DA:117,13
DA:119,13
DA:122,3
DA:123,17
LF:50
LH:47
BRDA:11,0,0,1
BRDA:24,1,0,1
BRDA:37,2,0,1
BRDA:59,3,0,1
BRDA:60,4,0,2
BRDA:60,4,1,1
BRDA:73,5,0,1
BRDA:73,5,1,0
BRDA:81,6,0,1
BRF:9
BRH:8
end_of_record
TN:
SF:tests/factories/deckFactory.ts
FN:3,deckFactory
FN:10,questionsFactory
FN:29,resultFactory
FNF:3
FNH:3
FNDA:7,deckFactory
FNDA:1,questionsFactory
FNDA:1,resultFactory
DA:1,1
DA:3,1
DA:4,7
DA:10,1
DA:11,1
DA:29,1
DA:30,1
LF:7
LH:7
BRF:0
BRH:0
end_of_record
TN:
SF:tests/factories/userFactory.ts
FN:4,userFactory
FN:14,tokenFactory
FNF:2
FNH:2
FNDA:8,userFactory
FNDA:8,tokenFactory
DA:1,1
DA:2,1
DA:4,1
DA:5,8
DA:6,8
DA:14,1
DA:15,8
DA:16,8
DA:18,8
LF:9
LH:9
BRF:0
BRH:0
end_of_record
