TN:
SF:src/app.ts
FNF:0
FNH:0
DA:1,2
DA:2,2
DA:3,2
DA:4,2
DA:6,2
DA:7,2
DA:9,2
DA:10,2
DA:11,2
DA:12,2
DA:14,2
DA:15,2
DA:17,2
LF:13
LH:13
BRF:0
BRH:0
end_of_record
TN:
SF:src/config/database.ts
FNF:0
FNH:0
DA:1,3
DA:3,3
DA:5,3
LF:3
LH:3
BRF:0
BRH:0
end_of_record
TN:
SF:src/controllers/deckController.ts
FN:13,insertDeck
FN:23,insertQuestions
FN:36,getDeckById
FN:47,getDecksByUserId
FN:65,insertDeckResult
FN:82,getDeckResults
FN:93,deleteDeckById
FNF:7
FNH:3
FNDA:4,insertDeck
FNDA:1,insertQuestions
FNDA:1,getDeckById
FNDA:0,getDecksByUserId
FNDA:0,insertDeckResult
FNDA:0,getDeckResults
FNDA:0,deleteDeckById
DA:9,2
DA:10,2
DA:13,2
DA:14,4
DA:15,4
DA:17,4
DA:18,3
DA:20,3
DA:23,2
DA:24,1
DA:25,1
DA:26,1
DA:28,1
DA:29,1
DA:30,1
DA:31,1
DA:33,1
DA:36,2
DA:37,1
DA:38,1
DA:40,1
DA:41,1
DA:42,1
DA:44,1
DA:47,2
DA:48,0
DA:49,0
DA:51,0
DA:52,0
DA:55,0
DA:57,0
DA:58,0
DA:61,0
DA:62,0
DA:65,2
DA:66,0
DA:67,0
DA:68,0
DA:70,0
DA:71,0
DA:72,0
DA:73,0
DA:79,0
DA:82,2
DA:83,0
DA:84,0
DA:86,0
DA:87,0
DA:88,0
DA:90,0
DA:93,2
DA:94,0
DA:95,0
DA:97,0
DA:98,0
DA:99,0
DA:101,0
LF:57
LH:28
BRDA:57,0,0,0
BRF:1
BRH:0
end_of_record
TN:
SF:src/controllers/userController.ts
FN:6,signUp
FN:26,signIn
FN:35,getUsers
FNF:3
FNH:3
FNDA:11,signUp
FNDA:4,signIn
FNDA:1,getUsers
DA:4,2
DA:6,2
DA:7,11
DA:12,11
DA:14,11
DA:15,10
DA:16,9
DA:17,8
DA:19,8
DA:26,2
DA:27,4
DA:29,4
DA:30,3
DA:32,3
DA:35,2
DA:36,1
DA:38,1
DA:41,1
LF:18
LH:18
BRF:0
BRH:0
end_of_record
TN:
SF:src/middlewares/errorHandlingMiddleware.ts
FN:3,errorHandlingMiddleware
FNF:1
FNH:1
FNDA:6,errorHandlingMiddleware
DA:3,2
DA:9,6
DA:11,4
DA:12,4
DA:14,0
DA:16,0
LF:6
LH:4
BRDA:9,0,0,2
BRDA:11,1,0,4
BRDA:14,2,0,0
BRF:3
BRH:2
end_of_record
TN:
SF:src/middlewares/schemaValidationMiddleware.ts
FN:3,(anonymous_0)
FN:4,(anonymous_1)
FNF:2
FNH:2
FNDA:10,(anonymous_0)
FNDA:20,(anonymous_1)
DA:3,2
DA:4,10
DA:5,20
DA:7,20
DA:8,0
DA:10,20
LF:6
LH:5
BRDA:7,0,0,0
BRF:1
BRH:0
end_of_record
TN:
SF:src/middlewares/tokenValidationMiddleware.ts
FN:4,tokenMiddleware
FNF:1
FNH:1
FNDA:7,tokenMiddleware
DA:2,2
DA:4,2
DA:5,7
DA:6,7
DA:7,7
DA:8,7
DA:10,7
DA:11,0
DA:14,7
DA:16,6
DA:17,6
DA:19,1
LF:12
LH:11
BRDA:6,0,0,7
BRDA:6,0,1,0
BRDA:7,1,0,0
BRDA:7,1,1,7
BRDA:7,2,0,7
BRDA:7,2,1,7
BRDA:8,3,0,7
BRDA:8,3,1,0
BRDA:10,4,0,0
BRF:9
BRH:5
end_of_record
TN:
SF:src/repositories/deckRepository.ts
FN:5,insertDeck
FN:17,insertDeckQuestion
FN:32,insertDeckQuestionsArray
FN:36,(anonymous_13)
FN:43,getDeckById
FN:52,getDecksByUserId
FN:56,getDeckQuestions
FN:66,getDeckByNameAndUserId
FN:77,insertDeckResult
FN:94,getDeckResults
FN:112,deleteQuestionsByDeckId
FN:116,deleteDeckById
FNF:12
FNH:6
FNDA:3,insertDeck
FNDA:0,insertDeckQuestion
FNDA:1,insertDeckQuestionsArray
FNDA:3,(anonymous_13)
FNDA:6,getDeckById
FNDA:0,getDecksByUserId
FNDA:2,getDeckQuestions
FNDA:4,getDeckByNameAndUserId
FNDA:0,insertDeckResult
FNDA:0,getDeckResults
FNDA:0,deleteQuestionsByDeckId
FNDA:0,deleteDeckById
DA:2,2
DA:5,2
DA:6,3
DA:14,3
DA:17,2
DA:21,0
DA:29,0
DA:32,2
DA:36,1
DA:37,3
DA:40,1
DA:43,2
DA:44,6
DA:49,6
DA:52,2
DA:53,0
DA:56,2
DA:59,2
DA:63,2
DA:66,2
DA:70,4
DA:74,4
DA:77,2
DA:82,0
DA:91,0
DA:94,2
DA:95,0
DA:112,2
DA:113,0
DA:116,2
DA:117,0
LF:31
LH:23
BRF:0
BRH:0
end_of_record
TN:
SF:src/repositories/userRepository.ts
FN:5,findByEmail
FN:13,findByUsername
FN:21,insertUser
FN:29,findById
FN:33,getUsernameById
FN:43,getAllUsers
FNF:6
FNH:4
FNDA:17,findByEmail
FNDA:9,findByUsername
FNDA:8,insertUser
FNDA:0,findById
FNDA:0,getUsernameById
FNDA:1,getAllUsers
DA:1,3
DA:5,3
DA:6,17
DA:13,3
DA:14,9
DA:21,3
DA:22,8
DA:26,8
DA:29,3
DA:30,0
DA:33,3
DA:36,0
DA:40,0
DA:43,3
DA:44,1
LF:15
LH:12
BRDA:40,0,0,0
BRDA:40,0,1,0
BRDA:40,1,0,0
BRDA:40,1,1,0
BRF:4
BRH:0
end_of_record
TN:
SF:src/routers/deckRouter.ts
FNF:0
FNH:0
DA:1,2
DA:2,2
DA:3,2
DA:12,2
DA:18,2
DA:19,2
DA:21,2
DA:23,2
DA:24,2
DA:29,2
DA:30,2
DA:31,2
DA:36,2
DA:38,2
DA:40,2
LF:15
LH:15
BRF:0
BRH:0
end_of_record
TN:
SF:src/routers/indexRouter.ts
FNF:0
FNH:0
DA:1,2
DA:2,2
DA:4,2
DA:5,2
DA:7,2
DA:8,2
DA:10,2
LF:7
LH:7
BRF:0
BRH:0
end_of_record
TN:
SF:src/routers/userRouter.ts
FNF:0
FNH:0
DA:1,2
DA:2,2
DA:3,2
DA:5,2
DA:6,2
DA:8,2
DA:9,2
DA:11,2
DA:13,2
LF:9
LH:9
BRF:0
BRH:0
end_of_record
TN:
SF:src/schemas/deckSchemas.ts
FNF:0
FNH:0
DA:1,2
DA:4,2
DA:12,2
DA:26,2
LF:4
LH:4
BRF:0
BRH:0
end_of_record
TN:
SF:src/schemas/userSchemas.ts
FNF:0
FNH:0
DA:1,2
DA:4,2
DA:29,2
LF:3
LH:3
BRF:0
BRH:0
end_of_record
TN:
SF:src/services/deckServices.ts
FN:11,insertDeck
FN:15,validateNewDeckNameForUser
FN:29,validateDeckBelongsToUser
FN:45,validateDeckExists
FN:58,validatePrivateDeck
FN:71,insertQuestions
FN:78,getDeckWithQuestions
FN:90,getDecksByUserId
FN:94,filterPrivateDecks
FN:95,(anonymous_30)
FN:98,insertDeckResult
FN:106,getDeckResults
FN:110,deleteDeckById
FN:117,getDeckById
FN:121,getDeckQuestions
FNF:15
FNH:9
FNDA:3,insertDeck
FNDA:4,validateNewDeckNameForUser
FNDA:1,validateDeckBelongsToUser
FNDA:2,validateDeckExists
FNDA:1,validatePrivateDeck
FNDA:1,insertQuestions
FNDA:2,getDeckWithQuestions
FNDA:0,getDecksByUserId
FNDA:0,filterPrivateDecks
FNDA:0,(anonymous_30)
FNDA:0,insertDeckResult
FNDA:0,getDeckResults
FNDA:0,deleteDeckById
FNDA:6,getDeckById
FNDA:2,getDeckQuestions
DA:2,2
DA:11,2
DA:12,3
DA:15,2
DA:17,4
DA:19,4
DA:20,1
DA:26,3
DA:29,2
DA:33,1
DA:35,1
DA:36,0
DA:42,1
DA:45,2
DA:46,2
DA:48,2
DA:49,0
DA:55,2
DA:58,2
DA:59,1
DA:61,1
DA:62,0
DA:68,1
DA:71,2
DA:75,1
DA:78,2
DA:79,2
DA:80,2
DA:82,2
DA:87,2
DA:90,2
DA:91,0
DA:94,2
DA:95,0
DA:98,2
DA:103,0
DA:106,2
DA:107,0
DA:110,2
DA:111,0
DA:112,0
DA:114,0
DA:118,6
DA:122,2
LF:44
LH:34
BRDA:19,0,0,1
BRDA:35,1,0,0
BRDA:35,2,0,0
BRDA:35,2,1,1
BRDA:35,3,0,1
BRDA:35,3,1,1
BRDA:48,4,0,0
BRDA:61,5,0,0
BRDA:61,6,0,1
BRDA:61,6,1,0
BRDA:61,7,0,0
BRDA:61,7,1,1
BRDA:61,8,0,1
BRDA:61,8,1,1
BRF:14
BRH:8
end_of_record
TN:
SF:src/services/userServices.ts
FN:7,validateConfirmPassword
FN:21,validateNewEmail
FN:34,validateNewUsername
FN:47,insertUser
FN:56,validatePassword
FN:69,generateToken
FN:78,validateUserExists
FN:91,getUsernameById
FN:97,getUsersByInput
FN:100,(anonymous_31)
FN:107,(anonymous_32)
FN:115,encryptsPassword
FN:122,findByEmail
FNF:13
FNH:9
FNDA:12,validateConfirmPassword
FNDA:10,validateNewEmail
FNDA:9,validateNewUsername
FNDA:9,insertUser
FNDA:4,validatePassword
FNDA:3,generateToken
FNDA:0,validateUserExists
FNDA:0,getUsernameById
FNDA:1,getUsersByInput
FNDA:0,(anonymous_31)
FNDA:0,(anonymous_32)
FNDA:9,encryptsPassword
FNDA:17,findByEmail
DA:1,3
DA:4,3
DA:5,3
DA:7,3
DA:11,12
DA:12,1
DA:18,11
DA:21,3
DA:22,10
DA:24,10
DA:25,1
DA:31,9
DA:34,3
DA:35,9
DA:37,9
DA:38,1
DA:44,8
DA:47,3
DA:48,9
DA:53,9
DA:56,3
DA:57,4
DA:59,4
DA:63,1
DA:66,3
DA:69,3
DA:70,3
DA:72,3
DA:73,3
DA:75,3
DA:78,3
DA:79,0
DA:81,0
DA:82,0
DA:88,0
DA:91,3
DA:94,0
DA:97,3
DA:98,1
DA:100,1
DA:101,0
DA:103,0
DA:106,1
DA:108,0
DA:112,1
DA:116,9
DA:117,9
DA:119,9
DA:122,3
DA:123,17
LF:50
LH:42
BRDA:11,0,0,1
BRDA:24,1,0,1
BRDA:37,2,0,1
BRDA:59,3,0,1
BRDA:60,4,0,4
BRDA:60,4,1,3
BRDA:73,5,0,3
BRDA:73,5,1,0
BRDA:81,6,0,0
BRF:9
BRH:7
end_of_record
TN:
SF:tests/factories/deckFactory.ts
FN:3,deckFactory
FN:10,questionsFactory
FNF:2
FNH:2
FNDA:4,deckFactory
FNDA:1,questionsFactory
DA:1,1
DA:3,1
DA:4,4
DA:10,1
DA:11,1
LF:5
LH:5
BRF:0
BRH:0
end_of_record
TN:
SF:tests/factories/userFactory.ts
FN:4,userFactory
FN:14,tokenFactory
FNF:2
FNH:2
FNDA:4,userFactory
FNDA:2,tokenFactory
DA:1,1
DA:2,1
DA:4,1
DA:5,4
DA:6,4
DA:14,1
DA:15,2
DA:16,2
DA:18,2
LF:9
LH:9
BRF:0
BRH:0
end_of_record
